{"contracts/BasicMathLib.sol":{"l":{"39":5,"56":5,"57":5,"79":5,"96":5},"path":"/Users/hackdom/Projects/ethereum-libraries/BasicMathLib/contracts/BasicMathLib.sol","s":{},"b":{},"f":{"1":5,"2":5,"3":5,"4":5},"fnMap":{"1":{"name":"times","line":38,"loc":{"start":{"line":38,"column":2},"end":{"line":38,"column":81}}},"2":{"name":"dividedBy","line":55,"loc":{"start":{"line":55,"column":2},"end":{"line":55,"column":83}}},"3":{"name":"plus","line":78,"loc":{"start":{"line":78,"column":2},"end":{"line":78,"column":81}}},"4":{"name":"minus","line":95,"loc":{"start":{"line":95,"column":2},"end":{"line":95,"column":81}}}},"statementMap":{},"branchMap":{}},"contracts/BasicMathTestContract.sol":{"l":{"9":5,"13":5,"17":5,"21":5},"path":"/Users/hackdom/Projects/ethereum-libraries/BasicMathLib/contracts/BasicMathTestContract.sol","s":{"1":5,"2":5,"3":5,"4":5},"b":{},"f":{"1":5,"2":5,"3":5,"4":5},"fnMap":{"1":{"name":"getTimes","line":8,"loc":{"start":{"line":8,"column":2},"end":{"line":8,"column":75}}},"2":{"name":"getDividedBy","line":12,"loc":{"start":{"line":12,"column":2},"end":{"line":12,"column":80}}},"3":{"name":"getPlus","line":16,"loc":{"start":{"line":16,"column":2},"end":{"line":16,"column":75}}},"4":{"name":"getMinus","line":20,"loc":{"start":{"line":20,"column":2},"end":{"line":20,"column":76}}}},"statementMap":{"1":{"start":{"line":9,"column":4},"end":{"line":9,"column":21}},"2":{"start":{"line":13,"column":4},"end":{"line":13,"column":25}},"3":{"start":{"line":17,"column":4},"end":{"line":17,"column":20}},"4":{"start":{"line":21,"column":4},"end":{"line":21,"column":21}}},"branchMap":{}}}